android/app/build/intermediates/manifest_merge_blame_file/debug/manifest-merger-blame-debug-report.txt
1<?xml version="1.0" encoding="utf-8"?>
2<manifest xmlns:android="http://schemas.android.com/apk/res/android"
3    package="com.qshopq"
4    android:versionCode="1"
5    android:versionName="1.0" >
6
7    <uses-sdk
8        android:minSdkVersion="21"
9        android:targetSdkVersion="29" />
10
11    <uses-permission android:name="android.permission.SYSTEM_ALERT_WINDOW" />
11-->src/debug/AndroidManifest.xml:5:5-77
11-->src/debug/AndroidManifest.xml:5:22-75
12    <uses-permission android:name="android.permission.INTERNET" />
12-->src/main/AndroidManifest.xml:4:5-67
12-->src/main/AndroidManifest.xml:4:22-64
13    <uses-permission android:name="android.permission.ACCESS_WIFI_STATE" />
13-->[com.facebook.flipper:flipper:0.54.0] AndroidManifest.xml:16:5-76
13-->[com.facebook.flipper:flipper:0.54.0] AndroidManifest.xml:16:22-73
14    <uses-permission android:name="android.permission.WRITE_EXTERNAL_STORAGE" />
14-->[:expo-file-system] AndroidManifest.xml:13:5-81
14-->[:expo-file-system] AndroidManifest.xml:13:22-78
15    <uses-permission android:name="android.permission.READ_EXTERNAL_STORAGE" />
15-->[:expo-file-system] AndroidManifest.xml:14:5-80
15-->[:expo-file-system] AndroidManifest.xml:14:22-77
16
17    <application
17-->src/main/AndroidManifest.xml:6:5-25:19
18        android:name="com.qshopq.MainApplication"
18-->src/main/AndroidManifest.xml:7:7-38
19        android:allowBackup="false"
19-->src/main/AndroidManifest.xml:11:7-34
20        android:appComponentFactory="androidx.core.app.CoreComponentFactory"
20-->[androidx.core:core:1.3.0] AndroidManifest.xml:24:18-86
21        android:debuggable="true"
22        android:icon="@mipmap/ic_launcher"
22-->src/main/AndroidManifest.xml:9:7-41
23        android:label="@string/app_name"
23-->src/main/AndroidManifest.xml:8:7-39
24        android:roundIcon="@mipmap/ic_launcher_round"
24-->src/main/AndroidManifest.xml:10:7-52
25        android:theme="@style/AppTheme"
25-->src/main/AndroidManifest.xml:12:7-38
26        android:usesCleartextTraffic="true" >
26-->src/debug/AndroidManifest.xml:7:18-53
27        <activity
27-->src/main/AndroidManifest.xml:13:7-23:18
28            android:name="com.qshopq.MainActivity"
28-->src/main/AndroidManifest.xml:14:9-37
29            android:configChanges="keyboard|keyboardHidden|orientation|screenSize|uiMode"
29-->src/main/AndroidManifest.xml:16:9-86
30            android:label="@string/app_name"
30-->src/main/AndroidManifest.xml:15:9-41
31            android:launchMode="singleTask"
31-->src/main/AndroidManifest.xml:17:9-40
32            android:windowSoftInputMode="adjustResize" >
32-->src/main/AndroidManifest.xml:18:9-51
33            <intent-filter>
33-->src/main/AndroidManifest.xml:19:9-22:25
34                <action android:name="android.intent.action.MAIN" />
34-->src/main/AndroidManifest.xml:20:13-65
34-->src/main/AndroidManifest.xml:20:21-62
35
36                <category android:name="android.intent.category.LAUNCHER" />
36-->src/main/AndroidManifest.xml:21:13-73
36-->src/main/AndroidManifest.xml:21:23-70
37            </intent-filter>
38        </activity>
39        <activity android:name="com.facebook.react.devsupport.DevSettingsActivity" />
39-->src/main/AndroidManifest.xml:24:7-84
39-->src/main/AndroidManifest.xml:24:17-81
40
41        <meta-data
41-->[:unimodules-react-native-adapter] AndroidManifest.xml:12:9-14:91
42            android:name="org.unimodules.core.AppLoader#react-native-headless"
42-->[:unimodules-react-native-adapter] AndroidManifest.xml:13:13-79
43            android:value="org.unimodules.adapters.react.apploader.RNHeadlessAppLoader" />
43-->[:unimodules-react-native-adapter] AndroidManifest.xml:14:13-88
44
45        <provider
45-->[:expo-file-system] AndroidManifest.xml:17:9-26:20
46            android:name="expo.modules.filesystem.FileSystemFileProvider"
46-->[:expo-file-system] AndroidManifest.xml:18:13-74
47            android:authorities="com.qshopq.FileSystemFileProvider"
47-->[:expo-file-system] AndroidManifest.xml:19:13-74
48            android:exported="false"
48-->[:expo-file-system] AndroidManifest.xml:20:13-37
49            android:grantUriPermissions="true" >
49-->[:expo-file-system] AndroidManifest.xml:21:13-47
50            <meta-data
50-->[:expo-file-system] AndroidManifest.xml:23:13-25:70
51                android:name="android.support.FILE_PROVIDER_PATHS"
51-->[:expo-file-system] AndroidManifest.xml:24:17-67
52                android:resource="@xml/file_system_provider_paths" />
52-->[:expo-file-system] AndroidManifest.xml:25:17-67
53        </provider>
54    </application>
55
56</manifest>